ISim log file
Running: /home/ise/FrequencyFinder/top_module_isim_beh.exe -intstyle ise -gui -tclbatch isim.cmd -wdb /home/ise/FrequencyFinder/top_module_isim_beh.wdb 
ISim P.20131013 (signature 0xfbc00daa)
----------------------------------------------------------------------
WARNING:Security:42 - Your software subscription period has lapsed. Your current version of Xilinx tools will continue to function, but you no longer qualify for Xilinx software updates or new releases.


----------------------------------------------------------------------
This is a Full version of ISim.
Time resolution is 1 ps
# onerror resume
# wave add /
# run 1000 ns
Simulator is doing circuit initialization process.
at 0 ps, Instance /top_module/ : Warning: NUMERIC_STD.TO_INTEGER: metavalue detected, returning 0
Finished circuit initialization process.
at 0 ps, Instance /top_module/xfft/blk000001ca/ : Warning: There is an 'U'|'X'|'W'|'Z'|'-' in an arithmetic operand, the result will be 'X'(es).
# isim force add /top_module/clk 1 -radix unsigned -value 0 -radix unsigned -time 500 ps -repeat 1 ns
# isim force add /top_module/clk 1 -radix unsigned -value 0 -radix unsigned -time 500 ps -repeat 1 ns
# isim force add /top_module/aud_bit_clk 1 -radix unsigned -value 0 -radix unsigned -time 5 ns -repeat 10 ns
# isim force add /top_module/aud_bit_clk 1 -radix unsigned -value 0 -radix unsigned -time 5 ns -repeat 10 ns
# isim force add /top_module/aud_reset_btn 1 -radix unsigned -cancel 10 ps
# isim force add /top_module/aud_reset_btn 1 -radix unsigned -cancel 10 ps
# run 10.00us
# run 10.00us
